<?xml version="1.0" encoding="UTF-8"?>
<!-- Generated by org.testng.reporters.JUnitXMLReporter -->
<testsuite ignored="0" hostname="LAPTOP-D04C1MQQ" failures="5" tests="5" name="Test" time="0.075" errors="0" timestamp="2024-02-19T19:29:42 EST">
  <testcase classname="com.TestNG.Day18_Feb_14_A_TestNG_Groups.A_TestCases_Groups" name="verifyLoginWithValidCredentials" time="0.014">
    <failure type="java.lang.NullPointerException" message="Cannot invoke &amp;quot;org.openqa.selenium.WebDriver.findElement(org.openqa.selenium.By)&amp;quot; because &amp;quot;this.driver&amp;quot; is null">
      <![CDATA[java.lang.NullPointerException: Cannot invoke "org.openqa.selenium.WebDriver.findElement(org.openqa.selenium.By)" because "this.driver" is null
at com.TestNG.Day18_Feb_14_A_TestNG_Groups.A_TestCases_Groups.verifyLoginWithValidCredentials(A_TestCases_Groups.java:39)
at java.base/java.util.ArrayList.forEach(ArrayList.java:1511)
... Removed 27 stack frames]]>
    </failure>
  </testcase> <!-- verifyLoginWithValidCredentials -->
  <testcase classname="com.TestNG.Day18_Feb_14_A_TestNG_Groups.A_TestCases_Groups" name="verifyLoginWithInvalidCredentials" time="0.001">
    <failure type="java.lang.NullPointerException" message="Cannot invoke &amp;quot;org.openqa.selenium.WebDriver.findElement(org.openqa.selenium.By)&amp;quot; because &amp;quot;this.driver&amp;quot; is null">
      <![CDATA[java.lang.NullPointerException: Cannot invoke "org.openqa.selenium.WebDriver.findElement(org.openqa.selenium.By)" because "this.driver" is null
at com.TestNG.Day18_Feb_14_A_TestNG_Groups.A_TestCases_Groups.verifyLoginWithInvalidCredentials(A_TestCases_Groups.java:48)
at java.base/java.util.ArrayList.forEach(ArrayList.java:1511)
... Removed 27 stack frames]]>
    </failure>
  </testcase> <!-- verifyLoginWithInvalidCredentials -->
  <testcase classname="com.TestNG.Day18_Feb_14_A_TestNG_Groups.A_TestCases_Groups" name="verifyLoginWithValidEmailInvalidPassword" time="0.002">
    <failure type="java.lang.NullPointerException" message="Cannot invoke &amp;quot;org.openqa.selenium.WebDriver.findElement(org.openqa.selenium.By)&amp;quot; because &amp;quot;this.driver&amp;quot; is null">
      <![CDATA[java.lang.NullPointerException: Cannot invoke "org.openqa.selenium.WebDriver.findElement(org.openqa.selenium.By)" because "this.driver" is null
at com.TestNG.Day18_Feb_14_A_TestNG_Groups.A_TestCases_Groups.verifyLoginWithValidEmailInvalidPassword(A_TestCases_Groups.java:60)
at java.base/java.util.ArrayList.forEach(ArrayList.java:1511)
... Removed 27 stack frames]]>
    </failure>
  </testcase> <!-- verifyLoginWithValidEmailInvalidPassword -->
  <testcase classname="com.TestNG.Day18_Feb_14_A_TestNG_Groups.A_TestCases_Groups" name="verifyLoginWithInvalidEmailValidPassword" time="0.001">
    <failure type="java.lang.NullPointerException" message="Cannot invoke &amp;quot;org.openqa.selenium.WebDriver.findElement(org.openqa.selenium.By)&amp;quot; because &amp;quot;this.driver&amp;quot; is null">
      <![CDATA[java.lang.NullPointerException: Cannot invoke "org.openqa.selenium.WebDriver.findElement(org.openqa.selenium.By)" because "this.driver" is null
at com.TestNG.Day18_Feb_14_A_TestNG_Groups.A_TestCases_Groups.verifyLoginWithInvalidEmailValidPassword(A_TestCases_Groups.java:72)
at java.base/java.util.ArrayList.forEach(ArrayList.java:1511)
... Removed 27 stack frames]]>
    </failure>
  </testcase> <!-- verifyLoginWithInvalidEmailValidPassword -->
  <testcase classname="com.TestNG.Day18_Feb_14_A_TestNG_Groups.A_TestCases_Groups" name="verifyLoginWithNoCredentials" time="0.001">
    <failure type="java.lang.NullPointerException" message="Cannot invoke &amp;quot;org.openqa.selenium.WebDriver.findElement(org.openqa.selenium.By)&amp;quot; because &amp;quot;this.driver&amp;quot; is null">
      <![CDATA[java.lang.NullPointerException: Cannot invoke "org.openqa.selenium.WebDriver.findElement(org.openqa.selenium.By)" because "this.driver" is null
at com.TestNG.Day18_Feb_14_A_TestNG_Groups.A_TestCases_Groups.verifyLoginWithNoCredentials(A_TestCases_Groups.java:84)
at java.base/java.util.ArrayList.forEach(ArrayList.java:1511)
... Removed 27 stack frames]]>
    </failure>
  </testcase> <!-- verifyLoginWithNoCredentials -->
</testsuite> <!-- Test -->
